2022-06-21 09:29:43 [INFO] - Starting BatchApplication using Java 16.0.2 on DESKTOP-K01AC2U with PID 4140 (C:\atsmaster\ats\daemon\batch\target\classes started by h in C:\atsmaster\ats\daemon\batch)
2022-06-21 09:29:43 [INFO] - No active profile set, falling back to default profiles: default
2022-06-21 09:30:13 [INFO] - Starting BatchApplication using Java 16.0.2 on DESKTOP-K01AC2U with PID 19892 (C:\atsmaster\ats\daemon\batch\target\classes started by h in C:\atsmaster\ats\daemon\batch)
2022-06-21 09:30:13 [INFO] - No active profile set, falling back to default profiles: default
2022-06-21 09:30:13 [INFO] - Multiple Spring Data modules found, entering strict repository configuration mode!
2022-06-21 09:30:13 [INFO] - Bootstrapping Spring Data JPA repositories in DEFAULT mode.
2022-06-21 09:30:13 [INFO] - Finished Spring Data repository scanning in 70 ms. Found 3 JPA repository interfaces.
2022-06-21 09:30:13 [INFO] - Multiple Spring Data modules found, entering strict repository configuration mode!
2022-06-21 09:30:13 [INFO] - Bootstrapping Spring Data JDBC repositories in DEFAULT mode.
2022-06-21 09:30:13 [INFO] - Finished Spring Data repository scanning in 3 ms. Found 0 JDBC repository interfaces.
2022-06-21 09:30:14 [INFO] - HHH000204: Processing PersistenceUnitInfo [name: default]
2022-06-21 09:30:14 [INFO] - HHH000412: Hibernate ORM core version 5.4.32.Final
2022-06-21 09:30:14 [INFO] - HCANN000001: Hibernate Commons Annotations {5.1.2.Final}
2022-06-21 09:30:14 [INFO] - HikariPool-1 - Starting...
2022-06-21 09:30:14 [INFO] - HikariPool-1 - Start completed.
2022-06-21 09:30:15 [INFO] - HHH000400: Using dialect: org.hibernate.dialect.MySQL5InnoDBDialect
2022-06-21 09:30:16 [WARN] - GenerationTarget encountered exception accepting command : Error executing DDL "
    create table tb_bn_future_exchang_info_entry (
       symbol varchar(255) not null auto_increment,
        base_asset varchar(255),
        base_asset_precision bigint,
        maint_margin_percent decimal(19,2),
        order_types varchar(255),
        price_precision bigint,
        quantity_precision bigint,
        quote_asset varchar(255),
        quote_precision bigint,
        required_margin_percent decimal(19,2),
        status varchar(255),
        time_in_force varchar(255),
        primary key (symbol)
    ) engine=InnoDB" via JDBC Statement
org.hibernate.tool.schema.spi.CommandAcceptanceException: Error executing DDL "
    create table tb_bn_future_exchang_info_entry (
       symbol varchar(255) not null auto_increment,
        base_asset varchar(255),
        base_asset_precision bigint,
        maint_margin_percent decimal(19,2),
        order_types varchar(255),
        price_precision bigint,
        quantity_precision bigint,
        quote_asset varchar(255),
        quote_precision bigint,
        required_margin_percent decimal(19,2),
        status varchar(255),
        time_in_force varchar(255),
        primary key (symbol)
    ) engine=InnoDB" via JDBC Statement
	at org.hibernate.tool.schema.internal.exec.GenerationTargetToDatabase.accept(GenerationTargetToDatabase.java:67)
	at org.hibernate.tool.schema.internal.AbstractSchemaMigrator.applySqlString(AbstractSchemaMigrator.java:562)
	at org.hibernate.tool.schema.internal.AbstractSchemaMigrator.applySqlStrings(AbstractSchemaMigrator.java:507)
	at org.hibernate.tool.schema.internal.AbstractSchemaMigrator.createTable(AbstractSchemaMigrator.java:277)
	at org.hibernate.tool.schema.internal.GroupedSchemaMigratorImpl.performTablesMigration(GroupedSchemaMigratorImpl.java:71)
	at org.hibernate.tool.schema.internal.AbstractSchemaMigrator.performMigration(AbstractSchemaMigrator.java:207)
	at org.hibernate.tool.schema.internal.AbstractSchemaMigrator.doMigration(AbstractSchemaMigrator.java:114)
	at org.hibernate.tool.schema.spi.SchemaManagementToolCoordinator.performDatabaseAction(SchemaManagementToolCoordinator.java:184)
	at org.hibernate.tool.schema.spi.SchemaManagementToolCoordinator.process(SchemaManagementToolCoordinator.java:73)
	at org.hibernate.internal.SessionFactoryImpl.<init>(SessionFactoryImpl.java:318)
	at org.hibernate.boot.internal.SessionFactoryBuilderImpl.build(SessionFactoryBuilderImpl.java:468)
	at org.hibernate.jpa.boot.internal.EntityManagerFactoryBuilderImpl.build(EntityManagerFactoryBuilderImpl.java:1259)
	at org.springframework.orm.jpa.vendor.SpringHibernateJpaPersistenceProvider.createContainerEntityManagerFactory(SpringHibernateJpaPersistenceProvider.java:58)
	at org.springframework.orm.jpa.LocalContainerEntityManagerFactoryBean.createNativeEntityManagerFactory(LocalContainerEntityManagerFactoryBean.java:365)
	at org.springframework.orm.jpa.AbstractEntityManagerFactoryBean.buildNativeEntityManagerFactory(AbstractEntityManagerFactoryBean.java:409)
	at org.springframework.orm.jpa.AbstractEntityManagerFactoryBean.afterPropertiesSet(AbstractEntityManagerFactoryBean.java:396)
	at org.springframework.orm.jpa.LocalContainerEntityManagerFactoryBean.afterPropertiesSet(LocalContainerEntityManagerFactoryBean.java:341)
	at org.springframework.beans.factory.support.AbstractAutowireCapableBeanFactory.invokeInitMethods(AbstractAutowireCapableBeanFactory.java:1845)
	at org.springframework.beans.factory.support.AbstractAutowireCapableBeanFactory.initializeBean(AbstractAutowireCapableBeanFactory.java:1782)
	at org.springframework.beans.factory.support.AbstractAutowireCapableBeanFactory.doCreateBean(AbstractAutowireCapableBeanFactory.java:602)
	at org.springframework.beans.factory.support.AbstractAutowireCapableBeanFactory.createBean(AbstractAutowireCapableBeanFactory.java:524)
	at org.springframework.beans.factory.support.AbstractBeanFactory.lambda$doGetBean$0(AbstractBeanFactory.java:335)
	at org.springframework.beans.factory.support.DefaultSingletonBeanRegistry.getSingleton(DefaultSingletonBeanRegistry.java:234)
	at org.springframework.beans.factory.support.AbstractBeanFactory.doGetBean(AbstractBeanFactory.java:333)
	at org.springframework.beans.factory.support.AbstractBeanFactory.getBean(AbstractBeanFactory.java:208)
	at org.springframework.context.support.AbstractApplicationContext.getBean(AbstractApplicationContext.java:1154)
	at org.springframework.context.support.AbstractApplicationContext.finishBeanFactoryInitialization(AbstractApplicationContext.java:908)
	at org.springframework.context.support.AbstractApplicationContext.refresh(AbstractApplicationContext.java:583)
	at org.springframework.boot.SpringApplication.refresh(SpringApplication.java:754)
	at org.springframework.boot.SpringApplication.refreshContext(SpringApplication.java:434)
	at org.springframework.boot.SpringApplication.run(SpringApplication.java:338)
	at org.springframework.boot.SpringApplication.run(SpringApplication.java:1343)
	at org.springframework.boot.SpringApplication.run(SpringApplication.java:1332)
	at sam.mon.batch.BatchApplication.main(BatchApplication.java:16)
Caused by: java.sql.SQLSyntaxErrorException: Incorrect column specifier for column 'symbol'
	at com.mysql.cj.jdbc.exceptions.SQLError.createSQLException(SQLError.java:120)
	at com.mysql.cj.jdbc.exceptions.SQLExceptionsMapping.translateException(SQLExceptionsMapping.java:122)
	at com.mysql.cj.jdbc.StatementImpl.executeInternal(StatementImpl.java:762)
	at com.mysql.cj.jdbc.StatementImpl.execute(StatementImpl.java:646)
	at com.zaxxer.hikari.pool.ProxyStatement.execute(ProxyStatement.java:94)
	at com.zaxxer.hikari.pool.HikariProxyStatement.execute(HikariProxyStatement.java)
	at org.hibernate.tool.schema.internal.exec.GenerationTargetToDatabase.accept(GenerationTargetToDatabase.java:54)
	... 33 common frames omitted
2022-06-21 09:30:16 [INFO] - HHH000490: Using JtaPlatform implementation: [org.hibernate.engine.transaction.jta.platform.internal.NoJtaPlatform]
2022-06-21 09:30:16 [INFO] - Initialized JPA EntityManagerFactory for persistence unit 'default'
2022-06-21 09:30:16 [INFO] - >>>>> sampleJob
2022-06-21 09:30:16 [WARN] - JPA does not support custom isolation levels, so locks may not be taken when launching Jobs
2022-06-21 09:30:16 [INFO] - No database type set, using meta data indicating: MYSQL
2022-06-21 09:30:16 [INFO] - No TaskExecutor has been set, defaulting to synchronous executor.
2022-06-21 09:30:16 [INFO] - Started BatchApplication in 4.346 seconds (JVM running for 5.671)
2022-06-21 09:30:16 [INFO] - Running default command line with: [requestDdtm=20220621_01]
2022-06-21 09:31:01 [INFO] - Starting BatchApplication using Java 16.0.2 on DESKTOP-K01AC2U with PID 17988 (C:\atsmaster\ats\daemon\batch\target\classes started by h in C:\atsmaster\ats\daemon\batch)
2022-06-21 09:31:01 [INFO] - No active profile set, falling back to default profiles: default
2022-06-21 09:31:02 [INFO] - Multiple Spring Data modules found, entering strict repository configuration mode!
2022-06-21 09:31:02 [INFO] - Bootstrapping Spring Data JPA repositories in DEFAULT mode.
2022-06-21 09:31:02 [INFO] - Finished Spring Data repository scanning in 70 ms. Found 3 JPA repository interfaces.
2022-06-21 09:31:02 [INFO] - Multiple Spring Data modules found, entering strict repository configuration mode!
2022-06-21 09:31:02 [INFO] - Bootstrapping Spring Data JDBC repositories in DEFAULT mode.
2022-06-21 09:31:02 [INFO] - Finished Spring Data repository scanning in 4 ms. Found 0 JDBC repository interfaces.
2022-06-21 09:31:02 [INFO] - HHH000204: Processing PersistenceUnitInfo [name: default]
2022-06-21 09:31:02 [INFO] - HHH000412: Hibernate ORM core version 5.4.32.Final
2022-06-21 09:31:03 [INFO] - HCANN000001: Hibernate Commons Annotations {5.1.2.Final}
2022-06-21 09:31:03 [INFO] - HikariPool-1 - Starting...
2022-06-21 09:31:03 [INFO] - HikariPool-1 - Start completed.
2022-06-21 09:31:03 [INFO] - HHH000400: Using dialect: org.hibernate.dialect.MySQL5InnoDBDialect
2022-06-21 09:31:04 [WARN] - GenerationTarget encountered exception accepting command : Error executing DDL "
    create table tb_bn_future_exchang_info_entry (
       symbol varchar(255) not null auto_increment,
        base_asset varchar(255),
        base_asset_precision bigint,
        maint_margin_percent decimal(19,2),
        order_types varchar(255),
        price_precision bigint,
        quantity_precision bigint,
        quote_asset varchar(255),
        quote_precision bigint,
        required_margin_percent decimal(19,2),
        status varchar(255),
        time_in_force varchar(255),
        primary key (symbol)
    ) engine=InnoDB" via JDBC Statement
org.hibernate.tool.schema.spi.CommandAcceptanceException: Error executing DDL "
    create table tb_bn_future_exchang_info_entry (
       symbol varchar(255) not null auto_increment,
        base_asset varchar(255),
        base_asset_precision bigint,
        maint_margin_percent decimal(19,2),
        order_types varchar(255),
        price_precision bigint,
        quantity_precision bigint,
        quote_asset varchar(255),
        quote_precision bigint,
        required_margin_percent decimal(19,2),
        status varchar(255),
        time_in_force varchar(255),
        primary key (symbol)
    ) engine=InnoDB" via JDBC Statement
	at org.hibernate.tool.schema.internal.exec.GenerationTargetToDatabase.accept(GenerationTargetToDatabase.java:67)
	at org.hibernate.tool.schema.internal.AbstractSchemaMigrator.applySqlString(AbstractSchemaMigrator.java:562)
	at org.hibernate.tool.schema.internal.AbstractSchemaMigrator.applySqlStrings(AbstractSchemaMigrator.java:507)
	at org.hibernate.tool.schema.internal.AbstractSchemaMigrator.createTable(AbstractSchemaMigrator.java:277)
	at org.hibernate.tool.schema.internal.GroupedSchemaMigratorImpl.performTablesMigration(GroupedSchemaMigratorImpl.java:71)
	at org.hibernate.tool.schema.internal.AbstractSchemaMigrator.performMigration(AbstractSchemaMigrator.java:207)
	at org.hibernate.tool.schema.internal.AbstractSchemaMigrator.doMigration(AbstractSchemaMigrator.java:114)
	at org.hibernate.tool.schema.spi.SchemaManagementToolCoordinator.performDatabaseAction(SchemaManagementToolCoordinator.java:184)
	at org.hibernate.tool.schema.spi.SchemaManagementToolCoordinator.process(SchemaManagementToolCoordinator.java:73)
	at org.hibernate.internal.SessionFactoryImpl.<init>(SessionFactoryImpl.java:318)
	at org.hibernate.boot.internal.SessionFactoryBuilderImpl.build(SessionFactoryBuilderImpl.java:468)
	at org.hibernate.jpa.boot.internal.EntityManagerFactoryBuilderImpl.build(EntityManagerFactoryBuilderImpl.java:1259)
	at org.springframework.orm.jpa.vendor.SpringHibernateJpaPersistenceProvider.createContainerEntityManagerFactory(SpringHibernateJpaPersistenceProvider.java:58)
	at org.springframework.orm.jpa.LocalContainerEntityManagerFactoryBean.createNativeEntityManagerFactory(LocalContainerEntityManagerFactoryBean.java:365)
	at org.springframework.orm.jpa.AbstractEntityManagerFactoryBean.buildNativeEntityManagerFactory(AbstractEntityManagerFactoryBean.java:409)
	at org.springframework.orm.jpa.AbstractEntityManagerFactoryBean.afterPropertiesSet(AbstractEntityManagerFactoryBean.java:396)
	at org.springframework.orm.jpa.LocalContainerEntityManagerFactoryBean.afterPropertiesSet(LocalContainerEntityManagerFactoryBean.java:341)
	at org.springframework.beans.factory.support.AbstractAutowireCapableBeanFactory.invokeInitMethods(AbstractAutowireCapableBeanFactory.java:1845)
	at org.springframework.beans.factory.support.AbstractAutowireCapableBeanFactory.initializeBean(AbstractAutowireCapableBeanFactory.java:1782)
	at org.springframework.beans.factory.support.AbstractAutowireCapableBeanFactory.doCreateBean(AbstractAutowireCapableBeanFactory.java:602)
	at org.springframework.beans.factory.support.AbstractAutowireCapableBeanFactory.createBean(AbstractAutowireCapableBeanFactory.java:524)
	at org.springframework.beans.factory.support.AbstractBeanFactory.lambda$doGetBean$0(AbstractBeanFactory.java:335)
	at org.springframework.beans.factory.support.DefaultSingletonBeanRegistry.getSingleton(DefaultSingletonBeanRegistry.java:234)
	at org.springframework.beans.factory.support.AbstractBeanFactory.doGetBean(AbstractBeanFactory.java:333)
	at org.springframework.beans.factory.support.AbstractBeanFactory.getBean(AbstractBeanFactory.java:208)
	at org.springframework.context.support.AbstractApplicationContext.getBean(AbstractApplicationContext.java:1154)
	at org.springframework.context.support.AbstractApplicationContext.finishBeanFactoryInitialization(AbstractApplicationContext.java:908)
	at org.springframework.context.support.AbstractApplicationContext.refresh(AbstractApplicationContext.java:583)
	at org.springframework.boot.SpringApplication.refresh(SpringApplication.java:754)
	at org.springframework.boot.SpringApplication.refreshContext(SpringApplication.java:434)
	at org.springframework.boot.SpringApplication.run(SpringApplication.java:338)
	at org.springframework.boot.SpringApplication.run(SpringApplication.java:1343)
	at org.springframework.boot.SpringApplication.run(SpringApplication.java:1332)
	at sam.mon.batch.BatchApplication.main(BatchApplication.java:16)
Caused by: java.sql.SQLSyntaxErrorException: Incorrect column specifier for column 'symbol'
	at com.mysql.cj.jdbc.exceptions.SQLError.createSQLException(SQLError.java:120)
	at com.mysql.cj.jdbc.exceptions.SQLExceptionsMapping.translateException(SQLExceptionsMapping.java:122)
	at com.mysql.cj.jdbc.StatementImpl.executeInternal(StatementImpl.java:762)
	at com.mysql.cj.jdbc.StatementImpl.execute(StatementImpl.java:646)
	at com.zaxxer.hikari.pool.ProxyStatement.execute(ProxyStatement.java:94)
	at com.zaxxer.hikari.pool.HikariProxyStatement.execute(HikariProxyStatement.java)
	at org.hibernate.tool.schema.internal.exec.GenerationTargetToDatabase.accept(GenerationTargetToDatabase.java:54)
	... 33 common frames omitted
2022-06-21 09:31:04 [INFO] - HHH000490: Using JtaPlatform implementation: [org.hibernate.engine.transaction.jta.platform.internal.NoJtaPlatform]
2022-06-21 09:31:04 [INFO] - Initialized JPA EntityManagerFactory for persistence unit 'default'
2022-06-21 09:31:04 [INFO] - >>>>> sampleJob
2022-06-21 09:31:05 [WARN] - JPA does not support custom isolation levels, so locks may not be taken when launching Jobs
2022-06-21 09:31:05 [INFO] - No database type set, using meta data indicating: MYSQL
2022-06-21 09:31:05 [INFO] - No TaskExecutor has been set, defaulting to synchronous executor.
2022-06-21 09:31:05 [INFO] - Started BatchApplication in 4.217 seconds (JVM running for 5.538)
2022-06-21 09:31:05 [INFO] - Running default command line with: [requestDdtm=20220621_02]
2022-06-21 09:31:56 [INFO] - 

Error starting ApplicationContext. To display the conditions report re-run your application with 'debug' enabled.
2022-06-21 09:31:56 [ERROR] - Application run failed
java.lang.IllegalStateException: Failed to execute ApplicationRunner
	at org.springframework.boot.SpringApplication.callRunner(SpringApplication.java:785)
	at org.springframework.boot.SpringApplication.callRunners(SpringApplication.java:772)
	at org.springframework.boot.SpringApplication.run(SpringApplication.java:345)
	at org.springframework.boot.SpringApplication.run(SpringApplication.java:1343)
	at org.springframework.boot.SpringApplication.run(SpringApplication.java:1332)
	at sam.mon.batch.BatchApplication.main(BatchApplication.java:16)
Caused by: org.springframework.dao.DataAccessResourceFailureException: Could not increment ID for BATCH_JOB_SEQ sequence table; nested exception is com.mysql.cj.jdbc.exceptions.MySQLTransactionRollbackException: Lock wait timeout exceeded; try restarting transaction
	at org.springframework.jdbc.support.incrementer.MySQLMaxValueIncrementer.getNextKey(MySQLMaxValueIncrementer.java:153)
	at org.springframework.jdbc.support.incrementer.AbstractDataFieldMaxValueIncrementer.nextLongValue(AbstractDataFieldMaxValueIncrementer.java:128)
	at org.springframework.batch.core.repository.dao.JdbcJobInstanceDao.createJobInstance(JdbcJobInstanceDao.java:113)
	at org.springframework.batch.core.repository.support.SimpleJobRepository.createJobExecution(SimpleJobRepository.java:148)
	at java.base/jdk.internal.reflect.NativeMethodAccessorImpl.invoke0(Native Method)
	at java.base/jdk.internal.reflect.NativeMethodAccessorImpl.invoke(NativeMethodAccessorImpl.java:78)
	at java.base/jdk.internal.reflect.DelegatingMethodAccessorImpl.invoke(DelegatingMethodAccessorImpl.java:43)
	at java.base/java.lang.reflect.Method.invoke(Method.java:567)
	at org.springframework.aop.support.AopUtils.invokeJoinpointUsingReflection(AopUtils.java:344)
	at org.springframework.aop.framework.ReflectiveMethodInvocation.invokeJoinpoint(ReflectiveMethodInvocation.java:198)
	at org.springframework.aop.framework.ReflectiveMethodInvocation.proceed(ReflectiveMethodInvocation.java:163)
	at org.springframework.transaction.interceptor.TransactionInterceptor$1.proceedWithInvocation(TransactionInterceptor.java:123)
	at org.springframework.transaction.interceptor.TransactionAspectSupport.invokeWithinTransaction(TransactionAspectSupport.java:388)
	at org.springframework.transaction.interceptor.TransactionInterceptor.invoke(TransactionInterceptor.java:119)
	at org.springframework.aop.framework.ReflectiveMethodInvocation.proceed(ReflectiveMethodInvocation.java:186)
	at org.springframework.batch.core.repository.support.AbstractJobRepositoryFactoryBean$1.invoke(AbstractJobRepositoryFactoryBean.java:181)
	at org.springframework.aop.framework.ReflectiveMethodInvocation.proceed(ReflectiveMethodInvocation.java:186)
	at org.springframework.aop.framework.JdkDynamicAopProxy.invoke(JdkDynamicAopProxy.java:215)
	at jdk.proxy2/jdk.proxy2.$Proxy70.createJobExecution(Unknown Source)
	at org.springframework.batch.core.launch.support.SimpleJobLauncher.run(SimpleJobLauncher.java:137)
	at java.base/jdk.internal.reflect.NativeMethodAccessorImpl.invoke0(Native Method)
	at java.base/jdk.internal.reflect.NativeMethodAccessorImpl.invoke(NativeMethodAccessorImpl.java:78)
	at java.base/jdk.internal.reflect.DelegatingMethodAccessorImpl.invoke(DelegatingMethodAccessorImpl.java:43)
	at java.base/java.lang.reflect.Method.invoke(Method.java:567)
	at org.springframework.aop.support.AopUtils.invokeJoinpointUsingReflection(AopUtils.java:344)
	at org.springframework.aop.framework.ReflectiveMethodInvocation.invokeJoinpoint(ReflectiveMethodInvocation.java:198)
	at org.springframework.aop.framework.ReflectiveMethodInvocation.proceed(ReflectiveMethodInvocation.java:163)
	at org.springframework.batch.core.configuration.annotation.SimpleBatchConfiguration$PassthruAdvice.invoke(SimpleBatchConfiguration.java:128)
	at org.springframework.aop.framework.ReflectiveMethodInvocation.proceed(ReflectiveMethodInvocation.java:186)
	at org.springframework.aop.framework.JdkDynamicAopProxy.invoke(JdkDynamicAopProxy.java:215)
	at jdk.proxy2/jdk.proxy2.$Proxy74.run(Unknown Source)
	at org.springframework.boot.autoconfigure.batch.JobLauncherApplicationRunner.execute(JobLauncherApplicationRunner.java:199)
	at org.springframework.boot.autoconfigure.batch.JobLauncherApplicationRunner.executeLocalJobs(JobLauncherApplicationRunner.java:173)
	at org.springframework.boot.autoconfigure.batch.JobLauncherApplicationRunner.launchJobFromProperties(JobLauncherApplicationRunner.java:160)
	at org.springframework.boot.autoconfigure.batch.JobLauncherApplicationRunner.run(JobLauncherApplicationRunner.java:155)
	at org.springframework.boot.autoconfigure.batch.JobLauncherApplicationRunner.run(JobLauncherApplicationRunner.java:150)
	at org.springframework.boot.SpringApplication.callRunner(SpringApplication.java:782)
	... 5 common frames omitted
Caused by: com.mysql.cj.jdbc.exceptions.MySQLTransactionRollbackException: Lock wait timeout exceeded; try restarting transaction
	at com.mysql.cj.jdbc.exceptions.SQLError.createSQLException(SQLError.java:123)
	at com.mysql.cj.jdbc.exceptions.SQLExceptionsMapping.translateException(SQLExceptionsMapping.java:122)
	at com.mysql.cj.jdbc.StatementImpl.executeUpdateInternal(StatementImpl.java:1333)
	at com.mysql.cj.jdbc.StatementImpl.executeLargeUpdate(StatementImpl.java:2106)
	at com.mysql.cj.jdbc.StatementImpl.executeUpdate(StatementImpl.java:1243)
	at com.zaxxer.hikari.pool.ProxyStatement.executeUpdate(ProxyStatement.java:119)
	at com.zaxxer.hikari.pool.HikariProxyStatement.executeUpdate(HikariProxyStatement.java)
	at org.springframework.jdbc.support.incrementer.MySQLMaxValueIncrementer.getNextKey(MySQLMaxValueIncrementer.java:148)
	... 41 common frames omitted
2022-06-21 09:31:56 [INFO] - Closing JPA EntityManagerFactory for persistence unit 'default'
2022-06-21 09:31:56 [INFO] - HikariPool-1 - Shutdown initiated...
2022-06-21 09:31:56 [INFO] - HikariPool-1 - Shutdown completed.
2022-06-21 09:33:00 [INFO] - Starting BatchApplication using Java 16.0.2 on DESKTOP-K01AC2U with PID 16604 (C:\atsmaster\ats\daemon\batch\target\classes started by h in C:\atsmaster\ats\daemon\batch)
2022-06-21 09:33:00 [INFO] - No active profile set, falling back to default profiles: default
2022-06-21 09:33:01 [INFO] - Multiple Spring Data modules found, entering strict repository configuration mode!
2022-06-21 09:33:01 [INFO] - Bootstrapping Spring Data JPA repositories in DEFAULT mode.
2022-06-21 09:33:01 [INFO] - Finished Spring Data repository scanning in 74 ms. Found 3 JPA repository interfaces.
2022-06-21 09:33:01 [INFO] - Multiple Spring Data modules found, entering strict repository configuration mode!
2022-06-21 09:33:01 [INFO] - Bootstrapping Spring Data JDBC repositories in DEFAULT mode.
2022-06-21 09:33:01 [INFO] - Finished Spring Data repository scanning in 4 ms. Found 0 JDBC repository interfaces.
2022-06-21 09:33:01 [INFO] - HHH000204: Processing PersistenceUnitInfo [name: default]
2022-06-21 09:33:02 [INFO] - HHH000412: Hibernate ORM core version 5.4.32.Final
2022-06-21 09:33:02 [INFO] - HCANN000001: Hibernate Commons Annotations {5.1.2.Final}
2022-06-21 09:33:02 [INFO] - HikariPool-1 - Starting...
2022-06-21 09:33:02 [INFO] - HikariPool-1 - Start completed.
2022-06-21 09:33:02 [INFO] - HHH000400: Using dialect: org.hibernate.dialect.MySQL5InnoDBDialect
2022-06-21 09:33:03 [INFO] - HHH000490: Using JtaPlatform implementation: [org.hibernate.engine.transaction.jta.platform.internal.NoJtaPlatform]
2022-06-21 09:33:03 [INFO] - Initialized JPA EntityManagerFactory for persistence unit 'default'
2022-06-21 09:33:03 [INFO] - >>>>> sampleJob
2022-06-21 09:33:04 [WARN] - JPA does not support custom isolation levels, so locks may not be taken when launching Jobs
2022-06-21 09:33:04 [INFO] - No database type set, using meta data indicating: MYSQL
2022-06-21 09:33:04 [INFO] - No TaskExecutor has been set, defaulting to synchronous executor.
2022-06-21 09:33:04 [INFO] - Started BatchApplication in 4.098 seconds (JVM running for 5.38)
2022-06-21 09:33:04 [INFO] - Running default command line with: [requestDdtm=20220621_03]
2022-06-21 09:34:07 [INFO] - Starting BatchApplication using Java 16.0.2 on DESKTOP-K01AC2U with PID 17804 (C:\atsmaster\ats\daemon\batch\target\classes started by h in C:\atsmaster\ats\daemon\batch)
2022-06-21 09:34:07 [INFO] - No active profile set, falling back to default profiles: default
2022-06-21 09:34:08 [INFO] - Multiple Spring Data modules found, entering strict repository configuration mode!
2022-06-21 09:34:08 [INFO] - Bootstrapping Spring Data JPA repositories in DEFAULT mode.
2022-06-21 09:34:08 [INFO] - Finished Spring Data repository scanning in 79 ms. Found 3 JPA repository interfaces.
2022-06-21 09:34:08 [INFO] - Multiple Spring Data modules found, entering strict repository configuration mode!
2022-06-21 09:34:08 [INFO] - Bootstrapping Spring Data JDBC repositories in DEFAULT mode.
2022-06-21 09:34:08 [INFO] - Finished Spring Data repository scanning in 5 ms. Found 0 JDBC repository interfaces.
2022-06-21 09:34:08 [INFO] - HHH000204: Processing PersistenceUnitInfo [name: default]
2022-06-21 09:34:08 [INFO] - HHH000412: Hibernate ORM core version 5.4.32.Final
2022-06-21 09:34:09 [INFO] - HCANN000001: Hibernate Commons Annotations {5.1.2.Final}
2022-06-21 09:34:09 [INFO] - HikariPool-1 - Starting...
2022-06-21 09:34:09 [INFO] - HikariPool-1 - Start completed.
2022-06-21 09:34:09 [INFO] - HHH000400: Using dialect: org.hibernate.dialect.MySQL5InnoDBDialect
2022-06-21 09:34:10 [INFO] - HHH000490: Using JtaPlatform implementation: [org.hibernate.engine.transaction.jta.platform.internal.NoJtaPlatform]
2022-06-21 09:34:10 [INFO] - Initialized JPA EntityManagerFactory for persistence unit 'default'
2022-06-21 09:34:13 [INFO] - >>>>> sampleJob
2022-06-21 09:34:16 [WARN] - JPA does not support custom isolation levels, so locks may not be taken when launching Jobs
2022-06-21 09:34:16 [INFO] - No database type set, using meta data indicating: MYSQL
2022-06-21 09:34:17 [INFO] - No TaskExecutor has been set, defaulting to synchronous executor.
2022-06-21 09:34:17 [INFO] - Started BatchApplication in 10.198 seconds (JVM running for 11.559)
2022-06-21 09:34:17 [INFO] - Running default command line with: [requestDdtm=20220621_04]
2022-06-21 09:35:08 [INFO] - 

Error starting ApplicationContext. To display the conditions report re-run your application with 'debug' enabled.
2022-06-21 09:35:08 [ERROR] - Application run failed
java.lang.IllegalStateException: Failed to execute ApplicationRunner
	at org.springframework.boot.SpringApplication.callRunner(SpringApplication.java:785)
	at org.springframework.boot.SpringApplication.callRunners(SpringApplication.java:772)
	at org.springframework.boot.SpringApplication.run(SpringApplication.java:345)
	at org.springframework.boot.SpringApplication.run(SpringApplication.java:1343)
	at org.springframework.boot.SpringApplication.run(SpringApplication.java:1332)
	at sam.mon.batch.BatchApplication.main(BatchApplication.java:16)
Caused by: org.springframework.dao.DataAccessResourceFailureException: Could not increment ID for BATCH_JOB_SEQ sequence table; nested exception is com.mysql.cj.jdbc.exceptions.MySQLTransactionRollbackException: Lock wait timeout exceeded; try restarting transaction
	at org.springframework.jdbc.support.incrementer.MySQLMaxValueIncrementer.getNextKey(MySQLMaxValueIncrementer.java:153)
	at org.springframework.jdbc.support.incrementer.AbstractDataFieldMaxValueIncrementer.nextLongValue(AbstractDataFieldMaxValueIncrementer.java:128)
	at org.springframework.batch.core.repository.dao.JdbcJobInstanceDao.createJobInstance(JdbcJobInstanceDao.java:113)
	at org.springframework.batch.core.repository.support.SimpleJobRepository.createJobExecution(SimpleJobRepository.java:148)
	at java.base/jdk.internal.reflect.NativeMethodAccessorImpl.invoke0(Native Method)
	at java.base/jdk.internal.reflect.NativeMethodAccessorImpl.invoke(NativeMethodAccessorImpl.java:78)
	at java.base/jdk.internal.reflect.DelegatingMethodAccessorImpl.invoke(DelegatingMethodAccessorImpl.java:43)
	at java.base/java.lang.reflect.Method.invoke(Method.java:567)
	at org.springframework.aop.support.AopUtils.invokeJoinpointUsingReflection(AopUtils.java:344)
	at org.springframework.aop.framework.ReflectiveMethodInvocation.invokeJoinpoint(ReflectiveMethodInvocation.java:198)
	at org.springframework.aop.framework.ReflectiveMethodInvocation.proceed(ReflectiveMethodInvocation.java:163)
	at org.springframework.transaction.interceptor.TransactionInterceptor$1.proceedWithInvocation(TransactionInterceptor.java:123)
	at org.springframework.transaction.interceptor.TransactionAspectSupport.invokeWithinTransaction(TransactionAspectSupport.java:388)
	at org.springframework.transaction.interceptor.TransactionInterceptor.invoke(TransactionInterceptor.java:119)
	at org.springframework.aop.framework.ReflectiveMethodInvocation.proceed(ReflectiveMethodInvocation.java:186)
	at org.springframework.batch.core.repository.support.AbstractJobRepositoryFactoryBean$1.invoke(AbstractJobRepositoryFactoryBean.java:181)
	at org.springframework.aop.framework.ReflectiveMethodInvocation.proceed(ReflectiveMethodInvocation.java:186)
	at org.springframework.aop.framework.JdkDynamicAopProxy.invoke(JdkDynamicAopProxy.java:215)
	at jdk.proxy2/jdk.proxy2.$Proxy70.createJobExecution(Unknown Source)
	at org.springframework.batch.core.launch.support.SimpleJobLauncher.run(SimpleJobLauncher.java:137)
	at java.base/jdk.internal.reflect.NativeMethodAccessorImpl.invoke0(Native Method)
	at java.base/jdk.internal.reflect.NativeMethodAccessorImpl.invoke(NativeMethodAccessorImpl.java:78)
	at java.base/jdk.internal.reflect.DelegatingMethodAccessorImpl.invoke(DelegatingMethodAccessorImpl.java:43)
	at java.base/java.lang.reflect.Method.invoke(Method.java:567)
	at org.springframework.aop.support.AopUtils.invokeJoinpointUsingReflection(AopUtils.java:344)
	at org.springframework.aop.framework.ReflectiveMethodInvocation.invokeJoinpoint(ReflectiveMethodInvocation.java:198)
	at org.springframework.aop.framework.ReflectiveMethodInvocation.proceed(ReflectiveMethodInvocation.java:163)
	at org.springframework.batch.core.configuration.annotation.SimpleBatchConfiguration$PassthruAdvice.invoke(SimpleBatchConfiguration.java:128)
	at org.springframework.aop.framework.ReflectiveMethodInvocation.proceed(ReflectiveMethodInvocation.java:186)
	at org.springframework.aop.framework.JdkDynamicAopProxy.invoke(JdkDynamicAopProxy.java:215)
	at jdk.proxy2/jdk.proxy2.$Proxy74.run(Unknown Source)
	at org.springframework.boot.autoconfigure.batch.JobLauncherApplicationRunner.execute(JobLauncherApplicationRunner.java:199)
	at org.springframework.boot.autoconfigure.batch.JobLauncherApplicationRunner.executeLocalJobs(JobLauncherApplicationRunner.java:173)
	at org.springframework.boot.autoconfigure.batch.JobLauncherApplicationRunner.launchJobFromProperties(JobLauncherApplicationRunner.java:160)
	at org.springframework.boot.autoconfigure.batch.JobLauncherApplicationRunner.run(JobLauncherApplicationRunner.java:155)
	at org.springframework.boot.autoconfigure.batch.JobLauncherApplicationRunner.run(JobLauncherApplicationRunner.java:150)
	at org.springframework.boot.SpringApplication.callRunner(SpringApplication.java:782)
	... 5 common frames omitted
Caused by: com.mysql.cj.jdbc.exceptions.MySQLTransactionRollbackException: Lock wait timeout exceeded; try restarting transaction
	at com.mysql.cj.jdbc.exceptions.SQLError.createSQLException(SQLError.java:123)
	at com.mysql.cj.jdbc.exceptions.SQLExceptionsMapping.translateException(SQLExceptionsMapping.java:122)
	at com.mysql.cj.jdbc.StatementImpl.executeUpdateInternal(StatementImpl.java:1333)
	at com.mysql.cj.jdbc.StatementImpl.executeLargeUpdate(StatementImpl.java:2106)
	at com.mysql.cj.jdbc.StatementImpl.executeUpdate(StatementImpl.java:1243)
	at com.zaxxer.hikari.pool.ProxyStatement.executeUpdate(ProxyStatement.java:119)
	at com.zaxxer.hikari.pool.HikariProxyStatement.executeUpdate(HikariProxyStatement.java)
	at org.springframework.jdbc.support.incrementer.MySQLMaxValueIncrementer.getNextKey(MySQLMaxValueIncrementer.java:148)
	... 41 common frames omitted
2022-06-21 09:35:08 [INFO] - Closing JPA EntityManagerFactory for persistence unit 'default'
2022-06-21 09:35:08 [INFO] - HikariPool-1 - Shutdown initiated...
2022-06-21 09:35:08 [INFO] - HikariPool-1 - Shutdown completed.
2022-06-21 09:37:09 [INFO] - Starting BatchApplication using Java 16.0.2 on DESKTOP-K01AC2U with PID 3496 (C:\atsmaster\ats\daemon\batch\target\classes started by h in C:\atsmaster\ats\daemon\batch)
2022-06-21 09:37:09 [INFO] - No active profile set, falling back to default profiles: default
2022-06-21 09:37:10 [INFO] - Multiple Spring Data modules found, entering strict repository configuration mode!
2022-06-21 09:37:10 [INFO] - Bootstrapping Spring Data JPA repositories in DEFAULT mode.
2022-06-21 09:37:10 [INFO] - Finished Spring Data repository scanning in 70 ms. Found 3 JPA repository interfaces.
2022-06-21 09:37:10 [INFO] - Multiple Spring Data modules found, entering strict repository configuration mode!
2022-06-21 09:37:10 [INFO] - Bootstrapping Spring Data JDBC repositories in DEFAULT mode.
2022-06-21 09:37:10 [INFO] - Finished Spring Data repository scanning in 4 ms. Found 0 JDBC repository interfaces.
2022-06-21 09:37:10 [INFO] - HHH000204: Processing PersistenceUnitInfo [name: default]
2022-06-21 09:37:10 [INFO] - HHH000412: Hibernate ORM core version 5.4.32.Final
2022-06-21 09:37:10 [INFO] - HCANN000001: Hibernate Commons Annotations {5.1.2.Final}
2022-06-21 09:37:11 [INFO] - HikariPool-1 - Starting...
2022-06-21 09:37:11 [INFO] - HikariPool-1 - Start completed.
2022-06-21 09:37:11 [INFO] - HHH000400: Using dialect: org.hibernate.dialect.MySQL5InnoDBDialect
2022-06-21 09:37:12 [INFO] - HHH000490: Using JtaPlatform implementation: [org.hibernate.engine.transaction.jta.platform.internal.NoJtaPlatform]
2022-06-21 09:37:12 [INFO] - Initialized JPA EntityManagerFactory for persistence unit 'default'
2022-06-21 09:37:14 [INFO] - >>>>> sampleJob
2022-06-21 09:37:14 [WARN] - JPA does not support custom isolation levels, so locks may not be taken when launching Jobs
2022-06-21 09:37:14 [INFO] - No database type set, using meta data indicating: MYSQL
2022-06-21 09:37:15 [INFO] - No TaskExecutor has been set, defaulting to synchronous executor.
2022-06-21 09:37:15 [INFO] - Started BatchApplication in 6.142 seconds (JVM running for 7.393)
2022-06-21 09:37:15 [INFO] - Running default command line with: [requestDdtm=20220621_05]
2022-06-21 09:37:15 [INFO] - Job: [SimpleJob: [name=sampleJob]] launched with the following parameters: [{requestDdtm=20220621_05}]
2022-06-21 09:37:19 [INFO] - >>>>> This is sampleStep
2022-06-21 09:37:19 [INFO] - Executing step: [sampleStep]
2022-06-21 09:37:35 [INFO] - Step: [sampleStep] executed in 15s212ms
2022-06-21 09:37:35 [INFO] - Job: [SimpleJob: [name=sampleJob]] completed with the following parameters: [{requestDdtm=20220621_05}] and the following status: [COMPLETED] in 19s751ms
2022-06-21 09:41:29 [INFO] - Closing JPA EntityManagerFactory for persistence unit 'default'
2022-06-21 09:41:29 [INFO] - HikariPool-1 - Shutdown initiated...
2022-06-21 09:41:29 [INFO] - HikariPool-1 - Shutdown completed.
